<?xml version="1.0" encoding="UTF-8"?>
<!-- Generated by org.testng.reporters.JUnitReportReporter -->
<testsuite hostname="DESKTOP-POFSGNK" failures="0" tests="1" name="Runner.AddProductRunner" time="0.012" errors="1" timestamp="22 Oct 2024 07:24:10 GMT" skipped="0">
  <testcase classname="Runner.AddProductRunner" name="runScenario" time="0.012">
    <error message="gherkin.ParserException$CompositeParserException: Parser errors:
(1:1): expected: #EOF, #Language, #TagLine, #FeatureLine, #Comment, #Empty, got &#039;Background:&#039;
(2:5): expected: #EOF, #Language, #TagLine, #FeatureLine, #Comment, #Empty, got &#039;Given user should navigate to demowebShop application&#039;
(3:5): expected: #EOF, #Language, #TagLine, #FeatureLine, #Comment, #Empty, got &#039;And user should click on login link&#039;
(6:3): expected: #EOF, #Language, #TagLine, #FeatureLine, #Comment, #Empty, got &#039;Scenario: Product should add to cart successfully&#039;
(8:5): expected: #EOF, #Language, #TagLine, #FeatureLine, #Comment, #Empty, got &#039;And user should Enter username as &quot;javaseleniumA4@gmail.com&quot;&#039;
(9:5): expected: #EOF, #Language, #TagLine, #FeatureLine, #Comment, #Empty, got &#039;And user should enter the password as &quot;123456&quot;&#039;
(10:5): expected: #EOF, #Language, #TagLine, #FeatureLine, #Comment, #Empty, got &#039;And user should click on login button&#039;
(11:5): expected: #EOF, #Language, #TagLine, #FeatureLine, #Comment, #Empty, got &#039;And user should click on  link&#039;
(12:5): expected: #EOF, #Language, #TagLine, #FeatureLine, #Comment, #Empty, got &#039;And user should click on Fiction Book product&#039;
(13:5): expected: #EOF, #Language, #TagLine, #FeatureLine, #Comment, #Empty, got &#039;When user click on Add to cartButton&#039;
(14:5): expected: #EOF, #Language, #TagLine, #FeatureLine, #Comment, #Empty, got &#039;Then product should added to cart&#039;" type="cucumber.runtime.CucumberException">
      <![CDATA[cucumber.runtime.CucumberException: gherkin.ParserException$CompositeParserException: Parser errors:
(1:1): expected: #EOF, #Language, #TagLine, #FeatureLine, #Comment, #Empty, got 'Background:'
(2:5): expected: #EOF, #Language, #TagLine, #FeatureLine, #Comment, #Empty, got 'Given user should navigate to demowebShop application'
(3:5): expected: #EOF, #Language, #TagLine, #FeatureLine, #Comment, #Empty, got 'And user should click on login link'
(6:3): expected: #EOF, #Language, #TagLine, #FeatureLine, #Comment, #Empty, got 'Scenario: Product should add to cart successfully'
(8:5): expected: #EOF, #Language, #TagLine, #FeatureLine, #Comment, #Empty, got 'And user should Enter username as "javaseleniumA4@gmail.com"'
(9:5): expected: #EOF, #Language, #TagLine, #FeatureLine, #Comment, #Empty, got 'And user should enter the password as "123456"'
(10:5): expected: #EOF, #Language, #TagLine, #FeatureLine, #Comment, #Empty, got 'And user should click on login button'
(11:5): expected: #EOF, #Language, #TagLine, #FeatureLine, #Comment, #Empty, got 'And user should click on  link'
(12:5): expected: #EOF, #Language, #TagLine, #FeatureLine, #Comment, #Empty, got 'And user should click on Fiction Book product'
(13:5): expected: #EOF, #Language, #TagLine, #FeatureLine, #Comment, #Empty, got 'When user click on Add to cartButton'
(14:5): expected: #EOF, #Language, #TagLine, #FeatureLine, #Comment, #Empty, got 'Then product should added to cart'
at cucumber.runtime.model.FeatureParser.parseResource(FeatureParser.java:39)
at cucumber.runtime.model.FeatureBuilder.parse(FeatureBuilder.java:36)
at cucumber.runtime.model.FeatureLoader.loadFromFeaturePath(FeatureLoader.java:47)
at cucumber.runtime.model.FeatureLoader.load(FeatureLoader.java:34)
at cucumber.runtime.model.FeatureLoader.load(FeatureLoader.java:20)
at cucumber.runtime.FeaturePathFeatureSupplier.get(FeaturePathFeatureSupplier.java:23)
at cucumber.api.testng.TestNGCucumberRunner.getFeatures(TestNGCucumberRunner.java:101)
at cucumber.api.testng.TestNGCucumberRunner.provideScenarios(TestNGCucumberRunner.java:84)
at cucumber.api.testng.AbstractTestNGCucumberTests.scenarios(AbstractTestNGCucumberTests.java:35)
at java.base/jdk.internal.reflect.DirectMethodHandleAccessor.invoke(DirectMethodHandleAccessor.java:103)
at java.base/java.lang.reflect.Method.invoke(Method.java:580)
at org.testng.internal.MethodInvocationHelper.invokeMethod(MethodInvocationHelper.java:124)
at org.testng.internal.MethodInvocationHelper.invokeMethod(MethodInvocationHelper.java:74)
at org.testng.internal.MethodInvocationHelper.invokeMethodNoCheckedException(MethodInvocationHelper.java:45)
at org.testng.internal.MethodInvocationHelper.invokeDataProvider(MethodInvocationHelper.java:131)
at org.testng.internal.Parameters.handleParameters(Parameters.java:706)
at org.testng.internal.ParameterHandler.handleParameters(ParameterHandler.java:49)
at org.testng.internal.ParameterHandler.createParameters(ParameterHandler.java:37)
at org.testng.internal.Invoker.invokeTestMethods(Invoker.java:924)
at org.testng.internal.TestMethodWorker.invokeTestMethods(TestMethodWorker.java:125)
at org.testng.internal.TestMethodWorker.run(TestMethodWorker.java:109)
at org.testng.TestRunner.privateRun(TestRunner.java:648)
at org.testng.TestRunner.run(TestRunner.java:505)
at org.testng.SuiteRunner.runTest(SuiteRunner.java:455)
at org.testng.SuiteRunner.runSequentially(SuiteRunner.java:450)
at org.testng.SuiteRunner.privateRun(SuiteRunner.java:415)
at org.testng.SuiteRunner.run(SuiteRunner.java:364)
at org.testng.SuiteRunnerWorker.runSuite(SuiteRunnerWorker.java:52)
at org.testng.SuiteRunnerWorker.run(SuiteRunnerWorker.java:84)
at org.testng.TestNG.runSuitesSequentially(TestNG.java:1208)
at org.testng.TestNG.runSuitesLocally(TestNG.java:1137)
at org.testng.TestNG.runSuites(TestNG.java:1049)
at org.testng.TestNG.run(TestNG.java:1017)
at org.testng.remote.AbstractRemoteTestNG.run(AbstractRemoteTestNG.java:115)
at org.testng.remote.RemoteTestNG.initAndRun(RemoteTestNG.java:251)
at org.testng.remote.RemoteTestNG.main(RemoteTestNG.java:77)
Caused by: gherkin.ParserException$CompositeParserException: Parser errors:
(1:1): expected: #EOF, #Language, #TagLine, #FeatureLine, #Comment, #Empty, got 'Background:'
(2:5): expected: #EOF, #Language, #TagLine, #FeatureLine, #Comment, #Empty, got 'Given user should navigate to demowebShop application'
(3:5): expected: #EOF, #Language, #TagLine, #FeatureLine, #Comment, #Empty, got 'And user should click on login link'
(6:3): expected: #EOF, #Language, #TagLine, #FeatureLine, #Comment, #Empty, got 'Scenario: Product should add to cart successfully'
(8:5): expected: #EOF, #Language, #TagLine, #FeatureLine, #Comment, #Empty, got 'And user should Enter username as "javaseleniumA4@gmail.com"'
(9:5): expected: #EOF, #Language, #TagLine, #FeatureLine, #Comment, #Empty, got 'And user should enter the password as "123456"'
(10:5): expected: #EOF, #Language, #TagLine, #FeatureLine, #Comment, #Empty, got 'And user should click on login button'
(11:5): expected: #EOF, #Language, #TagLine, #FeatureLine, #Comment, #Empty, got 'And user should click on  link'
(12:5): expected: #EOF, #Language, #TagLine, #FeatureLine, #Comment, #Empty, got 'And user should click on Fiction Book product'
(13:5): expected: #EOF, #Language, #TagLine, #FeatureLine, #Comment, #Empty, got 'When user click on Add to cartButton'
(14:5): expected: #EOF, #Language, #TagLine, #FeatureLine, #Comment, #Empty, got 'Then product should added to cart'
at gherkin.Parser.addError(Parser.java:152)
at gherkin.Parser.matchTokenAt_0(Parser.java:491)
at gherkin.Parser.matchToken(Parser.java:337)
at gherkin.Parser.parse(Parser.java:137)
at gherkin.Parser.parse(Parser.java:118)
at gherkin.Parser.parse(Parser.java:114)
at cucumber.runtime.model.FeatureParser.parseResource(FeatureParser.java:35)
... 35 more
]]>
    </error>
  </testcase> <!-- runScenario -->
</testsuite> <!-- Runner.AddProductRunner -->
